1532480711438	geckodriver	INFO	geckodriver 0.20.1 (685f18325cea0a282c736e65972f95aa6db7ca48 2018-04-03)
1532480711641	geckodriver	INFO	Listening on 127.0.0.1:53207
1532480715211	mozrunner::runner	INFO	Running command: "C:\\Program Files (x86)\\Mozilla Firefox\\firefox.exe" "-marionette" "-profile" "C:\\Users\\Puneesh\\AppData\\Local\\Temp\\rust_mozprofile.ttntQXdXO2QE"
1532480724781	addons.manager	DEBUG	Application has been upgraded
1532480725416	addons.manager	DEBUG	Loaded provider scope for resource://gre/modules/addons/XPIProvider.jsm: ["XPIProvider"]
1532480725427	addons.manager	DEBUG	Loaded provider scope for resource://gre/modules/LightweightThemeManager.jsm: ["LightweightThemeManager"]
1532480725470	addons.manager	DEBUG	Loaded provider scope for resource://gre/modules/addons/GMPProvider.jsm
1532480725479	addons.manager	DEBUG	Loaded provider scope for resource://gre/modules/addons/PluginProvider.jsm
1532480725483	addons.manager	DEBUG	Starting provider: XPIProvider
1532480725485	addons.xpi	DEBUG	startup
1532480725487	addons.xpi	INFO	Removing all system add-on upgrades.
1532480725489	addons.xpi	INFO	SystemAddonInstallLocation directory is missing
1532480725536	addons.xpi	INFO	Mapping aushelper@mozilla.org to C:\Program Files (x86)\Mozilla Firefox\browser\features\aushelper@mozilla.org.xpi
1532480725553	addons.xpi	INFO	Mapping e10srollout@mozilla.org to C:\Program Files (x86)\Mozilla Firefox\browser\features\e10srollout@mozilla.org.xpi
1532480725555	addons.xpi	INFO	Mapping firefox@getpocket.com to C:\Program Files (x86)\Mozilla Firefox\browser\features\firefox@getpocket.com.xpi
1532480725557	addons.xpi	INFO	Mapping screenshots@mozilla.org to C:\Program Files (x86)\Mozilla Firefox\browser\features\screenshots@mozilla.org.xpi
1532480725558	addons.xpi	INFO	Mapping webcompat@mozilla.org to C:\Program Files (x86)\Mozilla Firefox\browser\features\webcompat@mozilla.org.xpi
1532480725577	addons.xpi	INFO	Mapping {972ce4c6-7e08-4474-a285-3208198ce6fd} to C:\Program Files (x86)\Mozilla Firefox\browser\extensions\{972ce4c6-7e08-4474-a285-3208198ce6fd}.xpi
1532480725580	addons.xpi	DEBUG	checkForChanges
1532480725581	addons.xpi	INFO	SystemAddonInstallLocation directory is missing
1532480725584	addons.xpi	DEBUG	Loaded add-on state from prefs: {}
1532480725588	addons.xpi	DEBUG	New add-on aushelper@mozilla.org in app-system-defaults
1532480725592	addons.xpi	DEBUG	getModTime: Recursive scan of aushelper@mozilla.org
1532480725595	addons.xpi	DEBUG	New add-on e10srollout@mozilla.org in app-system-defaults
1532480725598	addons.xpi	DEBUG	getModTime: Recursive scan of e10srollout@mozilla.org
1532480725601	addons.xpi	DEBUG	New add-on firefox@getpocket.com in app-system-defaults
1532480725603	addons.xpi	DEBUG	getModTime: Recursive scan of firefox@getpocket.com
1532480725605	addons.xpi	DEBUG	New add-on screenshots@mozilla.org in app-system-defaults
1532480725606	addons.xpi	DEBUG	getModTime: Recursive scan of screenshots@mozilla.org
1532480725608	addons.xpi	DEBUG	New add-on webcompat@mozilla.org in app-system-defaults
1532480725611	addons.xpi	DEBUG	getModTime: Recursive scan of webcompat@mozilla.org
1532480725613	addons.xpi	DEBUG	New add-on {972ce4c6-7e08-4474-a285-3208198ce6fd} in app-global
1532480725615	addons.xpi	DEBUG	getModTime: Recursive scan of {972ce4c6-7e08-4474-a285-3208198ce6fd}
1532480725617	addons.xpi	DEBUG	getInstallState changed: true, state: {"app-system-defaults":{"aushelper@mozilla.org":{"d":"C:\\Program Files (x86)\\Mozilla Firefox\\browser\\features\\aushelper@mozilla.org.xpi","st":1503351681802},"e10srollout@mozilla.org":{"d":"C:\\Program Files (x86)\\Mozilla Firefox\\browser\\features\\e10srollout@mozilla.org.xpi","st":1503351681769},"firefox@getpocket.com":{"d":"C:\\Program Files (x86)\\Mozilla Firefox\\browser\\features\\firefox@getpocket.com.xpi","st":1503351681753},"screenshots@mozilla.org":{"d":"C:\\Program Files (x86)\\Mozilla Firefox\\browser\\features\\screenshots@mozilla.org.xpi","st":1503351682299},"webcompat@mozilla.org":{"d":"C:\\Program Files (x86)\\Mozilla Firefox\\browser\\features\\webcompat@mozilla.org.xpi","st":1503351681698}},"app-global":{"{972ce4c6-7e08-4474-a285-3208198ce6fd}":{"d":"C:\\Program Files (x86)\\Mozilla Firefox\\browser\\extensions\\{972ce4c6-7e08-4474-a285-3208198ce6fd}.xpi","st":1503351681901}}}
1532480725824	addons.xpi-utils	DEBUG	Opening XPI database C:\Users\Puneesh\AppData\Local\Temp\rust_mozprofile.ttntQXdXO2QE\extensions.json
1532480725831	addons.xpi-utils	DEBUG	New add-on aushelper@mozilla.org installed in app-system-defaults
*** Blocklist::_loadBlocklistFromFile: blocklist is disabled
1532480726063	DeferredSave.extensions.json	DEBUG	Save changes
1532480726065	addons.xpi-utils	DEBUG	New add-on e10srollout@mozilla.org installed in app-system-defaults
1532480726098	DeferredSave.extensions.json	DEBUG	Starting timer
1532480726106	DeferredSave.extensions.json	DEBUG	Save changes
1532480726107	addons.xpi-utils	DEBUG	New add-on firefox@getpocket.com installed in app-system-defaults
1532480726199	DeferredSave.extensions.json	DEBUG	Save changes
1532480726200	addons.xpi-utils	DEBUG	New add-on screenshots@mozilla.org installed in app-system-defaults
1532480726304	DeferredSave.extensions.json	DEBUG	Save changes
1532480726336	addons.xpi-utils	DEBUG	New add-on webcompat@mozilla.org installed in app-system-defaults
1532480726388	DeferredSave.extensions.json	DEBUG	Save changes
1532480726389	addons.xpi-utils	DEBUG	New add-on {972ce4c6-7e08-4474-a285-3208198ce6fd} installed in app-global
1532480726426	DeferredSave.extensions.json	DEBUG	Save changes
1532480726432	addons.manager	DEBUG	Registering startup change 'installed' for aushelper@mozilla.org
1532480726497	addons.xpi	DEBUG	Loading bootstrap scope from C:\Program Files (x86)\Mozilla Firefox\browser\features\aushelper@mozilla.org.xpi
1532480726574	addons.xpi	DEBUG	Calling bootstrap method install on aushelper@mozilla.org version 2.0
1532480726574	addons.xpi-utils	DEBUG	Make addon app-system-defaults:aushelper@mozilla.org visible
1532480726577	DeferredSave.extensions.json	DEBUG	Save changes
1532480726578	addons.manager	DEBUG	Registering startup change 'installed' for e10srollout@mozilla.org
1532480726580	addons.xpi	DEBUG	Loading bootstrap scope from C:\Program Files (x86)\Mozilla Firefox\browser\features\e10srollout@mozilla.org.xpi
1532480726654	addons.xpi	DEBUG	Calling bootstrap method install on e10srollout@mozilla.org version 1.50
1532480726690	addons.xpi-utils	DEBUG	Make addon app-system-defaults:e10srollout@mozilla.org visible
1532480726692	DeferredSave.extensions.json	DEBUG	Save changes
1532480726693	addons.manager	DEBUG	Registering startup change 'installed' for firefox@getpocket.com
1532480726695	addons.xpi	DEBUG	Loading bootstrap scope from C:\Program Files (x86)\Mozilla Firefox\browser\features\firefox@getpocket.com.xpi
1532480726708	addons.xpi	DEBUG	Calling bootstrap method install on firefox@getpocket.com version 1.0.5
1532480726709	addons.xpi-utils	DEBUG	Make addon app-system-defaults:firefox@getpocket.com visible
1532480726710	DeferredSave.extensions.json	DEBUG	Save changes
1532480726711	addons.manager	DEBUG	Registering startup change 'installed' for screenshots@mozilla.org
1532480726713	addons.xpi	DEBUG	Loading bootstrap scope from C:\Program Files (x86)\Mozilla Firefox\browser\features\screenshots@mozilla.org.xpi
1532480726721	addons.xpi	DEBUG	Calling bootstrap method install on screenshots@mozilla.org version 6.6.0
1532480726721	addons.xpi-utils	DEBUG	Make addon app-system-defaults:screenshots@mozilla.org visible
1532480726723	DeferredSave.extensions.json	DEBUG	Save changes
1532480726724	addons.manager	DEBUG	Registering startup change 'installed' for webcompat@mozilla.org
1532480726725	addons.xpi	DEBUG	Loading bootstrap scope from C:\Program Files (x86)\Mozilla Firefox\browser\features\webcompat@mozilla.org.xpi
1532480726732	addons.xpi	DEBUG	Calling bootstrap method install on webcompat@mozilla.org version 1.1
1532480726732	addons.xpi-utils	DEBUG	Make addon app-system-defaults:webcompat@mozilla.org visible
1532480726735	DeferredSave.extensions.json	DEBUG	Save changes
1532480726736	addons.xpi-utils	DEBUG	Make addon app-global:{972ce4c6-7e08-4474-a285-3208198ce6fd} visible
1532480726737	DeferredSave.extensions.json	DEBUG	Save changes
1532480726739	addons.xpi	DEBUG	Updating XPIState for {"id":"aushelper@mozilla.org","syncGUID":"{6b976d52-1353-4084-8e00-3ca5e09ed037}","location":"app-system-defaults","version":"2.0","type":"extension","internalName":null,"updateURL":null,"updateKey":null,"optionsURL":null,"optionsType":null,"aboutURL":null,"icons":{},"iconURL":null,"icon64URL":null,"defaultLocale":{"name":"Application Update Service Helper","description":"Sets value(s) in the update url based on custom checks.","creator":null,"homepageURL":null},"visible":true,"active":true,"userDisabled":false,"appDisabled":false,"descriptor":"C:\\Program Files (x86)\\Mozilla Firefox\\browser\\features\\aushelper@mozilla.org.xpi","installDate":1503351681802,"updateDate":1503351681802,"applyBackgroundUpdates":1,"bootstrap":true,"skinnable":false,"size":8488,"sourceURI":null,"releaseNotesURI":null,"softDisabled":false,"foreignInstall":false,"hasBinaryComponents":false,"strictCompatibility":false,"locales":[],"targetApplications":[{"id":"{ec8030f7-c20a-464f-9b0e-13a3a9e97384}","minVersion":"54.0.1","maxVersion":"54.*"}],"targetPlatforms":[],"multiprocessCompatible":true,"seen":true,"dependencies":[],"hasEmbeddedWebExtension":false,"mpcOptedOut":false,"userPermissions":null}
1532480726739	addons.xpi	DEBUG	getModTime: Recursive scan of aushelper@mozilla.org
1532480726741	addons.xpi	DEBUG	Updating XPIState for {"id":"e10srollout@mozilla.org","syncGUID":"{c6f51067-ac8f-4705-9105-72031d7ace57}","location":"app-system-defaults","version":"1.50","type":"extension","internalName":null,"updateURL":null,"updateKey":null,"optionsURL":null,"optionsType":null,"aboutURL":null,"icons":{},"iconURL":null,"icon64URL":null,"defaultLocale":{"name":"Multi-process staged rollout","description":"Staged rollout of Firefox multi-process feature.","creator":null,"homepageURL":null},"visible":true,"active":true,"userDisabled":false,"appDisabled":false,"descriptor":"C:\\Program Files (x86)\\Mozilla Firefox\\browser\\features\\e10srollout@mozilla.org.xpi","installDate":1503351681769,"updateDate":1503351681769,"applyBackgroundUpdates":1,"bootstrap":true,"skinnable":false,"size":12519,"sourceURI":null,"releaseNotesURI":null,"softDisabled":false,"foreignInstall":false,"hasBinaryComponents":false,"strictCompatibility":false,"locales":[],"targetApplications":[{"id":"{ec8030f7-c20a-464f-9b0e-13a3a9e97384}","minVersion":"54.0.1","maxVersion":"54.*"}],"targetPlatforms":[],"multiprocessCompatible":true,"seen":true,"dependencies":[],"hasEmbeddedWebExtension":false,"mpcOptedOut":false,"userPermissions":null}
1532480726741	addons.xpi	DEBUG	getModTime: Recursive scan of e10srollout@mozilla.org
1532480726742	addons.xpi	DEBUG	Updating XPIState for {"id":"firefox@getpocket.com","syncGUID":"{02fd5338-8bb9-4695-b0aa-3266ad213460}","location":"app-system-defaults","version":"1.0.5","type":"extension","internalName":null,"updateURL":null,"updateKey":null,"optionsURL":null,"optionsType":null,"aboutURL":null,"icons":{},"iconURL":null,"icon64URL":null,"defaultLocale":{"name":"Pocket","description":"When you find something you want to view later, put it in Pocket.","creator":null,"homepageURL":null},"visible":true,"active":true,"userDisabled":false,"appDisabled":false,"descriptor":"C:\\Program Files (x86)\\Mozilla Firefox\\browser\\features\\firefox@getpocket.com.xpi","installDate":1503351681753,"updateDate":1503351681753,"applyBackgroundUpdates":1,"bootstrap":true,"skinnable":false,"size":913906,"sourceURI":null,"releaseNotesURI":null,"softDisabled":false,"foreignInstall":false,"hasBinaryComponents":false,"strictCompatibility":false,"locales":[],"targetApplications":[{"id":"{ec8030f7-c20a-464f-9b0e-13a3a9e97384}","minVersion":"54.0.1","maxVersion":"54.*"}],"targetPlatforms":[],"multiprocessCompatible":true,"seen":true,"dependencies":[],"hasEmbeddedWebExtension":false,"mpcOptedOut":false,"userPermissions":null}
1532480726743	addons.xpi	DEBUG	getModTime: Recursive scan of firefox@getpocket.com
1532480726744	addons.xpi	DEBUG	Updating XPIState for {"id":"screenshots@mozilla.org","syncGUID":"{8bcea81b-7fd0-46ee-896b-50d28e329f9b}","location":"app-system-defaults","version":"6.6.0","type":"extension","internalName":null,"updateURL":null,"updateKey":null,"optionsURL":null,"optionsType":null,"aboutURL":null,"icons":{},"iconURL":null,"icon64URL":null,"defaultLocale":{"name":"Firefox Screenshots","description":null,"creator":null,"homepageURL":"https://pageshot.net/"},"visible":true,"active":true,"userDisabled":false,"appDisabled":false,"descriptor":"C:\\Program Files (x86)\\Mozilla Firefox\\browser\\features\\screenshots@mozilla.org.xpi","installDate":1503351682299,"updateDate":1503351682299,"applyBackgroundUpdates":1,"bootstrap":true,"skinnable":false,"size":716271,"sourceURI":null,"releaseNotesURI":null,"softDisabled":false,"foreignInstall":false,"hasBinaryComponents":false,"strictCompatibility":false,"locales":[],"targetApplications":[{"id":"{ec8030f7-c20a-464f-9b0e-13a3a9e97384}","minVersion":"51.0a1","maxVersion":"*"}],"targetPlatforms":[],"multiprocessCompatible":true,"seen":true,"dependencies":[],"hasEmbeddedWebExtension":false,"mpcOptedOut":false,"userPermissions":null}
1532480726744	addons.xpi	DEBUG	getModTime: Recursive scan of screenshots@mozilla.org
1532480726746	addons.xpi	DEBUG	Updating XPIState for {"id":"webcompat@mozilla.org","syncGUID":"{0deb97c6-b64d-4c4e-a0f9-d901eb7a84cb}","location":"app-system-defaults","version":"1.1","type":"extension","internalName":null,"updateURL":null,"updateKey":null,"optionsURL":null,"optionsType":null,"aboutURL":null,"icons":{},"iconURL":null,"icon64URL":null,"defaultLocale":{"name":"Web Compat","description":"Urgent post-release fixes for web compatibility.","creator":null,"homepageURL":null},"visible":true,"active":true,"userDisabled":false,"appDisabled":false,"descriptor":"C:\\Program Files (x86)\\Mozilla Firefox\\browser\\features\\webcompat@mozilla.org.xpi","installDate":1503351681698,"updateDate":1503351681698,"applyBackgroundUpdates":1,"bootstrap":true,"skinnable":false,"size":9006,"sourceURI":null,"releaseNotesURI":null,"softDisabled":false,"foreignInstall":false,"hasBinaryComponents":false,"strictCompatibility":false,"locales":[],"targetApplications":[{"id":"{ec8030f7-c20a-464f-9b0e-13a3a9e97384}","minVersion":"54.0.1","maxVersion":"54.*"}],"targetPlatforms":[],"multiprocessCompatible":true,"seen":true,"dependencies":[],"hasEmbeddedWebExtension":false,"mpcOptedOut":false,"userPermissions":null}
1532480726747	addons.xpi	DEBUG	getModTime: Recursive scan of webcompat@mozilla.org
1532480726749	addons.xpi	DEBUG	Updating XPIState for {"id":"{972ce4c6-7e08-4474-a285-3208198ce6fd}","syncGUID":"{585143aa-480b-490a-a4a0-b24183100de8}","location":"app-global","version":"54.0.1","type":"theme","internalName":"classic/1.0","updateURL":null,"updateKey":null,"optionsURL":null,"optionsType":null,"aboutURL":null,"icons":{},"iconURL":"chrome://browser/content/default-theme-icon.svg","icon64URL":null,"defaultLocale":{"name":"Default","description":"The default theme.","creator":"Mozilla","homepageURL":null,"contributors":["Mozilla Contributors"]},"visible":true,"active":true,"userDisabled":false,"appDisabled":false,"descriptor":"C:\\Program Files (x86)\\Mozilla Firefox\\browser\\extensions\\{972ce4c6-7e08-4474-a285-3208198ce6fd}.xpi","installDate":1503351681901,"updateDate":1503351681901,"applyBackgroundUpdates":1,"skinnable":true,"size":8207,"sourceURI":null,"releaseNotesURI":null,"softDisabled":false,"foreignInstall":false,"hasBinaryComponents":false,"strictCompatibility":true,"locales":[],"targetApplications":[{"id":"{ec8030f7-c20a-464f-9b0e-13a3a9e97384}","minVersion":"54.0.1","maxVersion":"54.0.1"}],"targetPlatforms":[],"seen":true,"dependencies":[],"hasEmbeddedWebExtension":false,"userPermissions":null}
1532480726749	addons.xpi	DEBUG	getModTime: Recursive scan of {972ce4c6-7e08-4474-a285-3208198ce6fd}
1532480726753	DeferredSave.extensions.json	DEBUG	Save changes
1532480726753	addons.xpi	DEBUG	Updating database with changes to installed add-ons
1532480726753	addons.xpi-utils	DEBUG	Updating add-on states
1532480726755	addons.xpi-utils	DEBUG	Writing add-ons list
1532480726763	addons.xpi	DEBUG	Registering manifest for C:\Program Files (x86)\Mozilla Firefox\browser\features\aushelper@mozilla.org.xpi
1532480726765	addons.xpi	DEBUG	Calling bootstrap method startup on aushelper@mozilla.org version 2.0
1532480726772	addons.xpi	DEBUG	Registering manifest for C:\Program Files (x86)\Mozilla Firefox\browser\features\e10srollout@mozilla.org.xpi
1532480726774	addons.xpi	DEBUG	Calling bootstrap method startup on e10srollout@mozilla.org version 1.50
1532480726776	addons.xpi	DEBUG	Registering manifest for C:\Program Files (x86)\Mozilla Firefox\browser\features\firefox@getpocket.com.xpi
1532480726778	addons.xpi	DEBUG	Calling bootstrap method startup on firefox@getpocket.com version 1.0.5
1532480726781	addons.xpi	DEBUG	Registering manifest for C:\Program Files (x86)\Mozilla Firefox\browser\features\screenshots@mozilla.org.xpi
1532480726782	addons.xpi	DEBUG	Calling bootstrap method startup on screenshots@mozilla.org version 6.6.0
1532480726791	addons.xpi	DEBUG	Registering manifest for C:\Program Files (x86)\Mozilla Firefox\browser\features\webcompat@mozilla.org.xpi
1532480726792	addons.xpi	DEBUG	Calling bootstrap method startup on webcompat@mozilla.org version 1.1
1532480726925	addons.manager	DEBUG	Registering shutdown blocker for XPIProvider
1532480726961	addons.manager	DEBUG	Provider finished startup: XPIProvider
1532480726962	addons.manager	DEBUG	Starting provider: LightweightThemeManager
1532480726963	addons.manager	DEBUG	Registering shutdown blocker for LightweightThemeManager
1532480726963	addons.manager	DEBUG	Provider finished startup: LightweightThemeManager
1532480726965	addons.manager	DEBUG	Starting provider: GMPProvider
1532480727089	addons.manager	DEBUG	Registering shutdown blocker for GMPProvider
1532480727089	addons.manager	DEBUG	Provider finished startup: GMPProvider
1532480727090	addons.manager	DEBUG	Starting provider: PluginProvider
1532480727090	addons.manager	DEBUG	Registering shutdown blocker for PluginProvider
1532480727091	addons.manager	DEBUG	Provider finished startup: PluginProvider
1532480727092	addons.manager	DEBUG	Completed startup sequence
1532480732373	addons.manager	DEBUG	Starting provider: <unnamed-provider>
1532480732374	addons.manager	DEBUG	Registering shutdown blocker for <unnamed-provider>
1532480732375	addons.manager	DEBUG	Provider finished startup: <unnamed-provider>
1532480734189	addons.manager	DEBUG	Starting provider: PreviousExperimentProvider
1532480734190	addons.manager	DEBUG	Registering shutdown blocker for PreviousExperimentProvider
1532480734191	addons.manager	DEBUG	Provider finished startup: PreviousExperimentProvider
1532480734292	DeferredSave.extensions.json	DEBUG	Starting write
1532480740501	DeferredSave.extensions.json	DEBUG	Write succeeded
1532480740503	addons.xpi-utils	DEBUG	XPI Database saved, setting schema version preference to 19
1532480750715	Marionette	INFO	Listening on port 53215
1532480751010	Marionette	WARN	TLS certificate errors will be ignored for this session
1532480751135	Marionette	DEBUG	loaded listener.js
[Child 1616] WARNING: pipe error: 109: file c:/builds/moz2_slave/m-rel-w32-00000000000000000000/build/src/ipc/chromium/src/chrome/common/ipc_channel_win.cc, line 346
[Child 1616] WARNING: pipe error: 109: file c:/builds/moz2_slave/m-rel-w32-00000000000000000000/build/src/ipc/chromium/src/chrome/common/ipc_channel_win.cc, line 346
1532480779723	addons.xpi	DEBUG	Calling bootstrap method shutdown on webcompat@mozilla.org version 1.1
1532480779725	addons.xpi	DEBUG	Calling bootstrap method shutdown on screenshots@mozilla.org version 6.6.0
1532480779727	addons.xpi	DEBUG	Calling bootstrap method shutdown on firefox@getpocket.com version 1.0.5
1532480779730	addons.xpi	DEBUG	Calling bootstrap method shutdown on e10srollout@mozilla.org version 1.50
1532480779732	addons.xpi	DEBUG	Calling bootstrap method shutdown on aushelper@mozilla.org version 2.0
[GPU 7872] WARNING: pipe error: 109: file c:/builds/moz2_slave/m-rel-w32-00000000000000000000/build/src/ipc/chromium/src/chrome/common/ipc_channel_win.cc, line 346
1532480780547	addons.manager	DEBUG	shutdown
1532480780548	addons.manager	DEBUG	Calling shutdown blocker for XPIProvider
1532480780549	addons.xpi	DEBUG	shutdown
1532480780549	addons.xpi-utils	DEBUG	shutdown
1532480780552	addons.manager	DEBUG	Calling shutdown blocker for LightweightThemeManager
1532480780553	addons.manager	DEBUG	Calling shutdown blocker for GMPProvider
1532480780560	addons.manager	DEBUG	Calling shutdown blocker for PluginProvider
1532480780562	addons.manager	DEBUG	Calling shutdown blocker for <unnamed-provider>
1532480780601	addons.manager	DEBUG	Calling shutdown blocker for PreviousExperimentProvider
1532480780609	addons.xpi	DEBUG	Notifying XPI shutdown observers
1532480780622	addons.manager	DEBUG	Async provider shutdown done
JavaScript error: resource://gre/components/nsUrlClassifierListManager.js, line 287: NS_ERROR_NOT_INITIALIZED: Component returned failure code: 0xc1f30001 (NS_ERROR_NOT_INITIALIZED) [nsIUrlClassifierDBService.getTables]
JavaScript error: resource://gre/components/nsUrlClassifierListManager.js, line 287: NS_ERROR_NOT_INITIALIZED: Component returned failure code: 0xc1f30001 (NS_ERROR_NOT_INITIALIZED) [nsIUrlClassifierDBService.getTables]
1532480781063	Marionette	INFO	Ceased listening
